[debug] [2025-06-29T03:32:29.851Z] ----------------------------------------------------------------------
[debug] [2025-06-29T03:32:29.856Z] Command:       C:\Program Files\nodejs\node.exe C:\Users\Eduardo\AppData\Roaming\npm\node_modules\firebase-tools\lib\bin\firebase.js init functions
[debug] [2025-06-29T03:32:29.856Z] CLI Version:   13.6.1
[debug] [2025-06-29T03:32:29.857Z] Platform:      win32
[debug] [2025-06-29T03:32:29.857Z] Node Version:  v18.16.0
[debug] [2025-06-29T03:32:29.858Z] Time:          Sun Jun 29 2025 00:32:29 GMT-0300 (Horário Padrão de Brasília)
[debug] [2025-06-29T03:32:29.858Z] ----------------------------------------------------------------------
[debug] 
[debug] [2025-06-29T03:32:29.861Z] >>> [apiv2][query] GET https://firebase-public.firebaseio.com/cli.json [none]
[debug] [2025-06-29T03:32:29.946Z] > command requires scopes: ["email","openid","https://www.googleapis.com/auth/cloudplatformprojects.readonly","https://www.googleapis.com/auth/firebase","https://www.googleapis.com/auth/cloud-platform"]
[debug] [2025-06-29T03:32:29.946Z] > authorizing via signed-in user (eduardofc.dev@gmail.com)
[info] 
     ######## #### ########  ######## ########     ###     ######  ########
     ##        ##  ##     ## ##       ##     ##  ##   ##  ##       ##
     ######    ##  ########  ######   ########  #########  ######  ######
     ##        ##  ##    ##  ##       ##     ## ##     ##       ## ##
     ##       #### ##     ## ######## ########  ##     ##  ######  ########

You're about to initialize a Firebase project in this directory:

  C:\Dev\WEB\Portcreator

Before we get started, keep in mind:

  * You are currently outside your home directory
  * You are initializing within an existing Firebase project directory

[debug] [2025-06-29T03:32:30.392Z] <<< [apiv2][status] GET https://firebase-public.firebaseio.com/cli.json 200
[debug] [2025-06-29T03:32:30.392Z] <<< [apiv2][body] GET https://firebase-public.firebaseio.com/cli.json {"cloudBuildErrorAfter":1594252800000,"cloudBuildWarnAfter":1590019200000,"defaultNode10After":1594252800000,"minVersion":"3.0.5","node8DeploysDisabledAfter":1613390400000,"node8RuntimeDisabledAfter":1615809600000,"node8WarnAfter":1600128000000}
[info] 
=== Project Setup
[info] 
[info] First, let's associate this project directory with a Firebase project.
[info] You can create multiple project aliases by running firebase use --add, 
[info] but for now we'll just set up a default project.
[info] 
[debug] [2025-06-29T03:32:46.001Z] > refreshing access token with scopes: []
[debug] [2025-06-29T03:32:46.002Z] >>> [apiv2][query] POST https://www.googleapis.com/oauth2/v3/token [none]
[debug] [2025-06-29T03:32:46.003Z] >>> [apiv2][body] POST https://www.googleapis.com/oauth2/v3/token [omitted]
[debug] [2025-06-29T03:32:46.249Z] <<< [apiv2][status] POST https://www.googleapis.com/oauth2/v3/token 200
[debug] [2025-06-29T03:32:46.249Z] <<< [apiv2][body] POST https://www.googleapis.com/oauth2/v3/token [omitted]
[debug] [2025-06-29T03:32:46.256Z] >>> [apiv2][query] GET https://firebase.googleapis.com/v1beta1/projects pageSize=100
[debug] [2025-06-29T03:32:47.069Z] <<< [apiv2][status] GET https://firebase.googleapis.com/v1beta1/projects 200
[debug] [2025-06-29T03:32:47.069Z] <<< [apiv2][body] GET https://firebase.googleapis.com/v1beta1/projects [omitted]
[info] i  Using project portcreator (portcreator) 
[info] 
=== Functions Setup
[debug] [2025-06-29T03:32:49.269Z] > command requires scopes: ["email","openid","https://www.googleapis.com/auth/cloudplatformprojects.readonly","https://www.googleapis.com/auth/firebase","https://www.googleapis.com/auth/cloud-platform"]
[debug] [2025-06-29T03:32:49.269Z] > authorizing via signed-in user (eduardofc.dev@gmail.com)
[debug] [2025-06-29T03:32:49.269Z] [iam] checking project portcreator for permissions ["firebase.projects.get"]
[debug] [2025-06-29T03:32:49.269Z] >>> [apiv2][query] POST https://cloudresourcemanager.googleapis.com/v1/projects/portcreator:testIamPermissions [none]
[debug] [2025-06-29T03:32:49.269Z] >>> [apiv2][(partial)header] POST https://cloudresourcemanager.googleapis.com/v1/projects/portcreator:testIamPermissions x-goog-quota-user=projects/portcreator
[debug] [2025-06-29T03:32:49.270Z] >>> [apiv2][body] POST https://cloudresourcemanager.googleapis.com/v1/projects/portcreator:testIamPermissions {"permissions":["firebase.projects.get"]}
[debug] [2025-06-29T03:32:50.203Z] <<< [apiv2][status] POST https://cloudresourcemanager.googleapis.com/v1/projects/portcreator:testIamPermissions 200
[debug] [2025-06-29T03:32:50.203Z] <<< [apiv2][body] POST https://cloudresourcemanager.googleapis.com/v1/projects/portcreator:testIamPermissions {"permissions":["firebase.projects.get"]}
[debug] [2025-06-29T03:32:50.204Z] >>> [apiv2][query] GET https://serviceusage.googleapis.com/v1/projects/portcreator/services/cloudfunctions.googleapis.com [none]
[debug] [2025-06-29T03:32:50.204Z] >>> [apiv2][(partial)header] GET https://serviceusage.googleapis.com/v1/projects/portcreator/services/cloudfunctions.googleapis.com x-goog-quota-user=projects/portcreator
[debug] [2025-06-29T03:32:50.206Z] >>> [apiv2][query] GET https://serviceusage.googleapis.com/v1/projects/portcreator/services/runtimeconfig.googleapis.com [none]
[debug] [2025-06-29T03:32:50.206Z] >>> [apiv2][(partial)header] GET https://serviceusage.googleapis.com/v1/projects/portcreator/services/runtimeconfig.googleapis.com x-goog-quota-user=projects/portcreator
[debug] [2025-06-29T03:32:51.408Z] <<< [apiv2][status] GET https://serviceusage.googleapis.com/v1/projects/portcreator/services/runtimeconfig.googleapis.com 200
[debug] [2025-06-29T03:32:51.408Z] <<< [apiv2][body] GET https://serviceusage.googleapis.com/v1/projects/portcreator/services/runtimeconfig.googleapis.com [omitted]
[debug] [2025-06-29T03:32:51.412Z] <<< [apiv2][status] GET https://serviceusage.googleapis.com/v1/projects/portcreator/services/cloudfunctions.googleapis.com 200
[debug] [2025-06-29T03:32:51.412Z] <<< [apiv2][body] GET https://serviceusage.googleapis.com/v1/projects/portcreator/services/cloudfunctions.googleapis.com [omitted]
[info] Let's create a new codebase for your functions.
[info] A directory corresponding to the codebase will be created in your project
[info] with sample code pre-configured.

[info] See https://firebase.google.com/docs/functions/organize-functions for
[info] more information on organizing your functions using codebases.

[info] Functions can be deployed with firebase deploy.

[info] +  Wrote functions/requirements.txt 
[info] +  Wrote functions/.gitignore 
[info] +  Wrote functions/main.py 
[debug] [2025-06-29T03:34:46.300Z] Running command with virtualenv: command="C:\Dev\WEB\Portcreator\functions\venv\Scripts\activate.bat", args=["","&&","pip3","install","--upgrade","pip"]
[debug] [2025-06-29T03:34:48.014Z] Error: spawn "C:\Dev\WEB\Portcreator\functions\venv\Scripts\activate.bat" ENOENT
    at notFoundError (C:\Users\Eduardo\AppData\Roaming\npm\node_modules\firebase-tools\node_modules\cross-spawn\lib\enoent.js:6:26)
    at verifyENOENT (C:\Users\Eduardo\AppData\Roaming\npm\node_modules\firebase-tools\node_modules\cross-spawn\lib\enoent.js:40:16)
    at cp.emit (C:\Users\Eduardo\AppData\Roaming\npm\node_modules\firebase-tools\node_modules\cross-spawn\lib\enoent.js:27:25)
    at ChildProcess._handle.onexit (node:internal/child_process:291:12)
[error] 
[error] Error: An unexpected error has occurred.
